Determining if the pthread_create exist failed with the following output:
Change Dir: /home/longxig/AuE893_S17_GUO/build/CMakeFiles/CMakeTmp

Run Build Command:/usr/bin/make "cmTryCompileExec763364149/fast"
/usr/bin/make -f CMakeFiles/cmTryCompileExec763364149.dir/build.make CMakeFiles/cmTryCompileExec763364149.dir/build
make[1]: Entering directory `/home/longxig/AuE893_S17_GUO/build/CMakeFiles/CMakeTmp'
/usr/bin/cmake -E cmake_progress_report /home/longxig/AuE893_S17_GUO/build/CMakeFiles/CMakeTmp/CMakeFiles 1
Building C object CMakeFiles/cmTryCompileExec763364149.dir/CheckSymbolExists.c.o
/usr/bin/cc    -o CMakeFiles/cmTryCompileExec763364149.dir/CheckSymbolExists.c.o   -c /home/longxig/AuE893_S17_GUO/build/CMakeFiles/CMakeTmp/CheckSymbolExists.c
Linking C executable cmTryCompileExec763364149
/usr/bin/cmake -E cmake_link_script CMakeFiles/cmTryCompileExec763364149.dir/link.txt --verbose=1
/usr/bin/cc       CMakeFiles/cmTryCompileExec763364149.dir/CheckSymbolExists.c.o  -o cmTryCompileExec763364149 -rdynamic 
CMakeFiles/cmTryCompileExec763364149.dir/CheckSymbolExists.c.o: In function `main':
CheckSymbolExists.c:(.text+0x16): undefined reference to `pthread_create'
collect2: error: ld returned 1 exit status
make[1]: *** [cmTryCompileExec763364149] Error 1
make[1]: Leaving directory `/home/longxig/AuE893_S17_GUO/build/CMakeFiles/CMakeTmp'
make: *** [cmTryCompileExec763364149/fast] Error 2

File /home/longxig/AuE893_S17_GUO/build/CMakeFiles/CMakeTmp/CheckSymbolExists.c:
/* */
#include <pthread.h>

int main(int argc, char** argv)
{
  (void)argv;
#ifndef pthread_create
  return ((int*)(&pthread_create))[argc];
#else
  (void)argc;
  return 0;
#endif
}

Determining if the function pthread_create exists in the pthreads failed with the following output:
Change Dir: /home/longxig/AuE893_S17_GUO/build/CMakeFiles/CMakeTmp

Run Build Command:/usr/bin/make "cmTryCompileExec604361461/fast"
/usr/bin/make -f CMakeFiles/cmTryCompileExec604361461.dir/build.make CMakeFiles/cmTryCompileExec604361461.dir/build
make[1]: Entering directory `/home/longxig/AuE893_S17_GUO/build/CMakeFiles/CMakeTmp'
/usr/bin/cmake -E cmake_progress_report /home/longxig/AuE893_S17_GUO/build/CMakeFiles/CMakeTmp/CMakeFiles 1
Building C object CMakeFiles/cmTryCompileExec604361461.dir/CheckFunctionExists.c.o
/usr/bin/cc   -DCHECK_FUNCTION_EXISTS=pthread_create   -o CMakeFiles/cmTryCompileExec604361461.dir/CheckFunctionExists.c.o   -c /usr/share/cmake-2.8/Modules/CheckFunctionExists.c
Linking C executable cmTryCompileExec604361461
/usr/bin/cmake -E cmake_link_script CMakeFiles/cmTryCompileExec604361461.dir/link.txt --verbose=1
/usr/bin/cc   -DCHECK_FUNCTION_EXISTS=pthread_create    CMakeFiles/cmTryCompileExec604361461.dir/CheckFunctionExists.c.o  -o cmTryCompileExec604361461 -rdynamic -lpthreads 
/usr/bin/ld: cannot find -lpthreads
collect2: error: ld returned 1 exit status
make[1]: *** [cmTryCompileExec604361461] Error 1
make[1]: Leaving directory `/home/longxig/AuE893_S17_GUO/build/CMakeFiles/CMakeTmp'
make: *** [cmTryCompileExec604361461/fast] Error 2


